%t1 = add i32 3, 0
%t2 = add i32 4, 0
%t3 = add i32 5, 0
%t4 = mul i32 3, 3
%t5 = add i32 %t4, 0
%t6 = add i32 9, 0
%t7 = sdiv i32 27, 3
%t8 = add i32 %t7, 0
%t9 = sub i32 10, 1
%t10 = add i32 %t9, 0
%t11 = add i32 8, 1
%t12 = add i32 %t11, 0
%t13 = mul i32 %t12, 3
%t14 = add i32 %t13, 0
%t15 = sdiv i32 %t14, %t14
%t16 = add i32 %t15, 0
%t17 = add i32 %t1, %t2
%t18 = add i32 %t17, %t3
%t19 = add i32 %t18, 0
%t20 = add i8 8, 0
%t21 = add i8 0, 0
%t22 = add i8 %t20, %t21
%t23 = add i8 %t22, 0
%t24 = add i8 %t20, %t21
%t25 = add i32 %t24, 0
%t26 = add i32 %t25, %t20
%t27 = add i32 %t26, 0
%t28 = add i32 %t25, %t20
%t29 = add i32 %t28, %t19
%t30 = add i32 %t29, 0
