RELOP
8
$$.falselist
8
AND - $$.truelist
8
$1.truelist
5
$3.truelist
8
$$.falselist
8
$1.falselist
$3.falselist
8
OR -- $$.truelist
8
$1.truelist
$3.truelist
8
$$.falselist
8
$1.falselist
3
$3.falselist
8
RELOP
14
$$.falselist
14
%t1 = add i32 0, 0
%t2 = add i32 0, 0
false1:
br label %true1
true1:
br label %relop1
relop1:
%t3 = icmp ne i32 1, 1
br i1 %t3, label %true2, label %end1
true2:
%t4 = add i32 3, 0
end1:
relop2:
%t5 = icmp slt i32 %t1, %t4
br i1 %t5, label %true3, label %end2
true3:
end2:
